# Channex certification checks — captured 2026-07-19T16:18:11Z
# Repo: guesthub  Branch: main  Commit: ac185d6

########## npm run check:channex-certification ##########
✓ scenario matrix covers all 14 certification items
✓ every firing file named in the matrix exists (file-and-function traceability)
✓ declarations 12–14 written with substantive answers
✓ no test-only bypass in the ARI send path (only the fetchImpl seam)
✓ arbitrary-value capability: Group Update drives calls from operator input
✓ evidence ledger records full_sync + incremental_sync scenario keys
✓ versioned requirements snapshot + live re-verify discipline present
✓ all 10 Stage-4 checks wired in package.json
✓ docs/channex certification set present (11 docs)
check:channex-certification — PASS

########## npm run check:channex-certification-evidence ##########
✓ evidence-ledger migration in manifest
✓ ledger schema defines scenario/task/traceability/outcome columns
✓ recordAriEvidence is the ledger writer
✓ evidence module is append-only (no UPDATE/DELETE)
✓ full sync records evidence
✓ incremental drain records evidence
✓ incremental Task IDs captured from outcomes (H9/H10 fixed)
✓ certification console triggers no scenario
✓ certification console is read-only (SELECT via loadEvidenceLedger)
✓ staging ledger table + task-id index present
check:channex-certification-evidence — PASS

########## npm run check:channex-full-sync-two-requests ##########
✓ Full Sync horizon = 500 property-local dates
✓ availability = 1 request (216 compressed values)
✓ rates/restrictions = 1 request (3456 compressed values)
✓ Full Sync = exactly two requests
✓ both requests pass the structural + 10MB size preflight
✓ size preflight rejects a >10MB body (11.5MB → "payload exceeds 10MB provider limit (12103012 bytes)")
✓ full-sync evidence expects exactly 2 requests
✓ full-sync evidence records request bytes (size preflight evidence)
✓ incremental drain is delta-only (never re-runs Full Sync)
check:channex-full-sync-two-requests — PASS

########## npm run check:channex-group-update-batching ##########
✓ Group Update expands rooms × plans × ranges × weekdays × combined restrictions
✓ writeRateCells marks a single ARI dirty envelope
✓ dirty envelope spans the whole update range (min→max)
✓ dirty envelope covers rates + restrictions
✓ group update = 1 combined restrictions request (128 values, 128 cells)
✓ min_stay_arrival AND min_stay_through both reach the payload
✓ combined restrictions (CTA) preserved through batching
✓ Min Stay Arrival/Through semantics declared in docs/channex/MIN_STAY_SEMANTICS.md
check:channex-group-update-batching — PASS

########## npm run check:channex-rate-limit-cooldown ##########
✓ default breaker is closed (requests flow)
✓ success closes the breaker
✓ 429 opens for the exact Retry-After, half-opens after it elapses
✓ 429 without Retry-After uses the base cooldown
✓ breaker trips after N consecutive server errors (threshold)
✓ cooldown grows exponentially but is bounded by maxCooldownMs
✓ half-open + success fully resets the breaker
✓ Retry-After delta-seconds parsed to ms
✓ Retry-After HTTP-date parsed to a delta
✓ Retry-After absent/garbage → null
✓ drain skips a connection whose circuit is open
✓ drain persists breaker transitions (failure + success)
✓ drain feeds the 429 Retry-After into the breaker
✓ HTTP core extracts Retry-After on 429
✓ channex-ari propagates Retry-After to the caller
✓ circuit-breaker migration in manifest
check:channex-rate-limit-cooldown — PASS

########## npm run check:channex-environment-routing ##########
✓ channel: base URLs resolve only through channexBaseUrl()
✓ setup ops resolve environment via the production-activation guard
✓ runtime paths route off conn.environment
check:channex-environment-routing — PASS

########## npm run check:production-activation-guard ##########
✓ default (flag unset) resolves to staging
✓ production not enabled by default
✓ production not operable by default
✓ assertProductionActivationAuthorized throws while off
✓ off/garbage values all resolve to staging
✓ explicit on-values enable production
✓ no committed env file activates production
✓ production-connection creation is guarded
check:production-activation-guard — PASS

########## npm run check:channex-ari ##########
✓ 25. archiving a Rate Plan publishes stop_sell rather than leaving the channel selling stale prices
✓ 26. Full Sync projects exactly 500 property-local dates
✓ 27. price/min-stay update ⇒ rates+restrictions dirty, availability untouched
✓ 28. closure / reservation ⇒ availability dirty, plan-independent
✓ 29. a plan-scoped availability range is structurally impossible
✓ 30. overlapping and adjacent dirty ranges coalesce safely — no duplicate outbound work
✓ 31. plan-scoped ranges never merge across plans
✓ 32. a Rate Plan change marks its plan + descendants on their assigned rooms, and nothing else
✓ 33. no incremental work accumulates before the operator's initial Full Sync
✓ 34. a burst of canonical saves enqueues ONE deduplicated drain job — never a Full Sync
✓ 35. canonical write and outbox mark commit or roll back together
✓ 36. nothing was committed to the database
✓ 37. channex-ari.ts touches only POST /availability and POST /restrictions
✓ 38. no OTA channel, webhook or booking functionality was added
✓ 39. /channels has no pricing editor, simulator or wizard; the ARI card is read-only
✓ 40. the existing Full Sync action is reused; there is exactly one sync button
✓ 41. Bulk Update and Rate Plans remain the only range/plan editors; no new pricing route exists
✓ 42. no Next after(), no cron, no internal trigger route — the PM2 worker is the single drain trigger
✓ 43. deploy builds first, restarts only the web app + worker, verifies both, touches no unrelated PM2 app
✓ 44. progress bar is determinate + accessible + RTL; polling runs only while a run is live
✓ 45. only super_admin can read Full Sync progress; there is no unauthenticated status endpoint
✓ 46. progress is persisted on the existing job row, merged and throttled — no new table, no migration
✓ 47. incremental ARI is structurally impossible before a clean initial Full Sync

check-channex-ari: all 47 assertions passed

########## npm run check:channex-booking-crs-flow ##########
✓ inbound reads the booking_revisions feed (revisions-only source of truth)
✓ new / modified / cancelled revisions all handled
✓ acknowledge endpoint present (POST /booking_revisions/:id/ack)
✓ ACK only after the import transaction commits
✓ controlled recovery-by-id available (revision + booking)
✓ booking client never DELETEs
✓ webhook only enqueues a feed pull (feed stays the source of truth)
✓ fallback poll covers a missed webhook (no lost booking)
✓ booking-receiving cert workflow documented (Booking.com preferred / CRS fallback)
check:channex-booking-crs-flow — PASS

